The system is: Linux - 4.13.0-26-generic - x86_64
Compiling the C compiler identification source file "CMakeCCompilerId.c" succeeded.
Compiler: /opt/dey/2.2-r3/sysroots/x86_64-deysdk-linux/usr/bin/arm-dey-linux-gnueabi/arm-dey-linux-gnueabi-gcc 
Build flags: ;;;--sysroot=/opt/dey/2.2-r3/sysroots/ccimx6ul-kbo;;-march=armv7ve;-marm;-mfpu=neon;;-mfloat-abi=hard;-mcpu=cortex-a7;
Id flags: 

The output was:
0


Compilation of the C compiler identification source "CMakeCCompilerId.c" produced "a.out"

The C compiler identification is GNU, found in "/home/khomin/Projects/i2c_poll/Debug/CMakeFiles/3.5.1/CompilerIdC/a.out"

Compiling the CXX compiler identification source file "CMakeCXXCompilerId.cpp" succeeded.
Compiler: /opt/dey/2.2-r3/sysroots/x86_64-deysdk-linux/usr/bin/arm-dey-linux-gnueabi/arm-dey-linux-gnueabi-g++ 
Build flags: ;;;--sysroot=/opt/dey/2.2-r3/sysroots/ccimx6ul-kbo;;-march=armv7ve;-marm;-mfpu=neon;;-mfloat-abi=hard;-mcpu=cortex-a7;;-fpermissive
Id flags: 

The output was:
0


Compilation of the CXX compiler identification source "CMakeCXXCompilerId.cpp" produced "a.out"

The CXX compiler identification is GNU, found in "/home/khomin/Projects/i2c_poll/Debug/CMakeFiles/3.5.1/CompilerIdCXX/a.out"

Determining if the C compiler works passed with the following output:
Change Dir: /home/khomin/Projects/i2c_poll/Debug/CMakeFiles/CMakeTmp

Run Build Command:"/usr/bin/make" "cmTC_295b5/fast"
/usr/bin/make -f CMakeFiles/cmTC_295b5.dir/build.make CMakeFiles/cmTC_295b5.dir/build
make[1]: Entering directory '/home/khomin/Projects/i2c_poll/Debug/CMakeFiles/CMakeTmp'
Building C object CMakeFiles/cmTC_295b5.dir/testCCompiler.c.o
/opt/dey/2.2-r3/sysroots/x86_64-deysdk-linux/usr/bin/arm-dey-linux-gnueabi/arm-dey-linux-gnueabi-gcc    --sysroot=/opt/dey/2.2-r3/sysroots/ccimx6ul-kbo  -march=armv7ve -marm -mfpu=neon  -mfloat-abi=hard -mcpu=cortex-a7     -o CMakeFiles/cmTC_295b5.dir/testCCompiler.c.o   -c /home/khomin/Projects/i2c_poll/Debug/CMakeFiles/CMakeTmp/testCCompiler.c
Linking C executable cmTC_295b5
/usr/bin/cmake -E cmake_link_script CMakeFiles/cmTC_295b5.dir/link.txt --verbose=1
/opt/dey/2.2-r3/sysroots/x86_64-deysdk-linux/usr/bin/arm-dey-linux-gnueabi/arm-dey-linux-gnueabi-gcc     --sysroot=/opt/dey/2.2-r3/sysroots/ccimx6ul-kbo  -march=armv7ve -marm -mfpu=neon  -mfloat-abi=hard -mcpu=cortex-a7      --sysroot=/opt/dey/2.2-r3/sysroots/ccimx6ul-kbo  CMakeFiles/cmTC_295b5.dir/testCCompiler.c.o  -o cmTC_295b5 -rdynamic 
make[1]: Leaving directory '/home/khomin/Projects/i2c_poll/Debug/CMakeFiles/CMakeTmp'


Detecting C compiler ABI info compiled with the following output:
Change Dir: /home/khomin/Projects/i2c_poll/Debug/CMakeFiles/CMakeTmp

Run Build Command:"/usr/bin/make" "cmTC_28cd5/fast"
/usr/bin/make -f CMakeFiles/cmTC_28cd5.dir/build.make CMakeFiles/cmTC_28cd5.dir/build
make[1]: Entering directory '/home/khomin/Projects/i2c_poll/Debug/CMakeFiles/CMakeTmp'
Building C object CMakeFiles/cmTC_28cd5.dir/CMakeCCompilerABI.c.o
/opt/dey/2.2-r3/sysroots/x86_64-deysdk-linux/usr/bin/arm-dey-linux-gnueabi/arm-dey-linux-gnueabi-gcc    --sysroot=/opt/dey/2.2-r3/sysroots/ccimx6ul-kbo  -march=armv7ve -marm -mfpu=neon  -mfloat-abi=hard -mcpu=cortex-a7     -o CMakeFiles/cmTC_28cd5.dir/CMakeCCompilerABI.c.o   -c /usr/share/cmake-3.5/Modules/CMakeCCompilerABI.c
Linking C executable cmTC_28cd5
/usr/bin/cmake -E cmake_link_script CMakeFiles/cmTC_28cd5.dir/link.txt --verbose=1
/opt/dey/2.2-r3/sysroots/x86_64-deysdk-linux/usr/bin/arm-dey-linux-gnueabi/arm-dey-linux-gnueabi-gcc     --sysroot=/opt/dey/2.2-r3/sysroots/ccimx6ul-kbo  -march=armv7ve -marm -mfpu=neon  -mfloat-abi=hard -mcpu=cortex-a7      --sysroot=/opt/dey/2.2-r3/sysroots/ccimx6ul-kbo -v CMakeFiles/cmTC_28cd5.dir/CMakeCCompilerABI.c.o  -o cmTC_28cd5 -rdynamic  
Using built-in specs.
COLLECT_GCC=/opt/dey/2.2-r3/sysroots/x86_64-deysdk-linux/usr/bin/arm-dey-linux-gnueabi/arm-dey-linux-gnueabi-gcc
COLLECT_LTO_WRAPPER=/opt/dey/2.2-r3/sysroots/x86_64-deysdk-linux/usr/libexec/arm-dey-linux-gnueabi/gcc/arm-dey-linux-gnueabi/6.2.0/lto-wrapper
Target: arm-dey-linux-gnueabi
Configured with: ../../../../../../work-shared/gcc-6.2.0-r0/gcc-6.2.0/configure --build=x86_64-linux --host=x86_64-deysdk-linux --target=arm-dey-linux-gnueabi --prefix=/opt/dey/2.2-r3/sysroots/x86_64-deysdk-linux/usr --exec_prefix=/opt/dey/2.2-r3/sysroots/x86_64-deysdk-linux/usr --bindir=/opt/dey/2.2-r3/sysroots/x86_64-deysdk-linux/usr/bin/arm-dey-linux-gnueabi --sbindir=/opt/dey/2.2-r3/sysroots/x86_64-deysdk-linux/usr/bin/arm-dey-linux-gnueabi --libexecdir=/opt/dey/2.2-r3/sysroots/x86_64-deysdk-linux/usr/libexec/arm-dey-linux-gnueabi --datadir=/opt/dey/2.2-r3/sysroots/x86_64-deysdk-linux/usr/share --sysconfdir=/opt/dey/2.2-r3/sysroots/x86_64-deysdk-linux/etc --sharedstatedir=/opt/dey/2.2-r3/sysroots/x86_64-deysdk-linux/com --localstatedir=/opt/dey/2.2-r3/sysroots/x86_64-deysdk-linux/var --libdir=/opt/dey/2.2-r3/sysroots/x86_64-deysdk-linux/usr/lib/arm-dey-linux-gnueabi --includedir=/opt/dey/2.2-r3/sysroots/x86_64-deysdk-linux/usr/include --oldincludedir=/opt/dey/2.2-r3/sysroots/x86_64-deysdk-linux/usr/include --infodir=/opt/dey/2.2-r3/sysroots/x86_64-deysdk-linux/usr/share/info --mandir=/opt/dey/2.2-r3/sysroots/x86_64-deysdk-linux/usr/share/man --disable-silent-rules --disable-dependency-tracking --with-libtool-sysroot=/home/builder/jenkins/workspace/dey-x11-release/projects/ccimx6qpsbc/tmp/sysroots/x86_64-nativesdk-deysdk-linux --with-gnu-ld --enable-shared --enable-languages=c,c++ --enable-threads=posix --enable-multilib --enable-c99 --enable-long-long --enable-symvers=gnu --enable-libstdcxx-pch --program-prefix=arm-dey-linux-gnueabi- --without-local-prefix --enable-lto --enable-libssp --enable-libitm --disable-bootstrap --disable-libmudflap --with-system-zlib --with-linker-hash-style=gnu --enable-linker-build-id --with-ppl=no --with-cloog=no --enable-checking=release --enable-cheaders=c_global --without-isl --with-gxx-include-dir=/not/exist/usr/include/c++/6.2.0 --with-build-time-tools=/home/builder/jenkins/workspace/dey-x11-release/projects/ccimx6qpsbc/tmp/sysroots/x86_64-linux/usr/arm-dey-linux-gnueabi/bin --with-sysroot=/not/exist --with-build-sysroot=/home/builder/jenkins/workspace/dey-x11-release/projects/ccimx6qpsbc/tmp/sysroots/ccimx6qpsbc --without-long-double-128 --enable-poison-system-directories --with-mpfr=/home/builder/jenkins/workspace/dey-x11-release/projects/ccimx6qpsbc/tmp/sysroots/x86_64-nativesdk-deysdk-linux --with-mpc=/home/builder/jenkins/workspace/dey-x11-release/projects/ccimx6qpsbc/tmp/sysroots/x86_64-nativesdk-deysdk-linux --disable-static --enable-nls --enable-initfini-array --with-arch=armv7-a
Thread model: posix
gcc version 6.2.0 (GCC) 
COMPILER_PATH=/opt/dey/2.2-r3/sysroots/x86_64-deysdk-linux/usr/libexec/arm-dey-linux-gnueabi/gcc/arm-dey-linux-gnueabi/6.2.0/:/opt/dey/2.2-r3/sysroots/x86_64-deysdk-linux/usr/libexec/arm-dey-linux-gnueabi/gcc/arm-dey-linux-gnueabi/6.2.0/:/opt/dey/2.2-r3/sysroots/x86_64-deysdk-linux/usr/libexec/arm-dey-linux-gnueabi/gcc/arm-dey-linux-gnueabi/:/opt/dey/2.2-r3/sysroots/x86_64-deysdk-linux/usr/lib/arm-dey-linux-gnueabi/gcc/arm-dey-linux-gnueabi/6.2.0/:/opt/dey/2.2-r3/sysroots/x86_64-deysdk-linux/usr/lib/arm-dey-linux-gnueabi/gcc/arm-dey-linux-gnueabi/
LIBRARY_PATH=/opt/dey/2.2-r3/sysroots/x86_64-deysdk-linux/usr/lib/arm-dey-linux-gnueabi/gcc/arm-dey-linux-gnueabi/6.2.0/:/opt/dey/2.2-r3/sysroots/ccimx6ul-kbo/lib/:/opt/dey/2.2-r3/sysroots/ccimx6ul-kbo/usr/lib/arm-dey-linux-gnueabi/6.2.0/:/opt/dey/2.2-r3/sysroots/ccimx6ul-kbo/usr/lib/
COLLECT_GCC_OPTIONS='--sysroot=/opt/dey/2.2-r3/sysroots/ccimx6ul-kbo' '-march=armv7ve' '-marm' '-mfpu=neon' '-mfloat-abi=hard' '-mcpu=cortex-a7' '-v' '-o' 'cmTC_28cd5' '-rdynamic' '-mtls-dialect=gnu'
 /opt/dey/2.2-r3/sysroots/x86_64-deysdk-linux/usr/libexec/arm-dey-linux-gnueabi/gcc/arm-dey-linux-gnueabi/6.2.0/collect2 -plugin /opt/dey/2.2-r3/sysroots/x86_64-deysdk-linux/usr/libexec/arm-dey-linux-gnueabi/gcc/arm-dey-linux-gnueabi/6.2.0/liblto_plugin.so -plugin-opt=/opt/dey/2.2-r3/sysroots/x86_64-deysdk-linux/usr/libexec/arm-dey-linux-gnueabi/gcc/arm-dey-linux-gnueabi/6.2.0/lto-wrapper -plugin-opt=-fresolution=/tmp/ccRbh8uI.res -plugin-opt=-pass-through=-lgcc -plugin-opt=-pass-through=-lgcc_s -plugin-opt=-pass-through=-lc -plugin-opt=-pass-through=-lgcc -plugin-opt=-pass-through=-lgcc_s --sysroot=/opt/dey/2.2-r3/sysroots/ccimx6ul-kbo --build-id --eh-frame-hdr --hash-style=gnu -export-dynamic -dynamic-linker /lib/ld-linux-armhf.so.3 -X -m armelf_linux_eabi -o cmTC_28cd5 /opt/dey/2.2-r3/sysroots/ccimx6ul-kbo/usr/lib/crt1.o /opt/dey/2.2-r3/sysroots/ccimx6ul-kbo/usr/lib/crti.o /opt/dey/2.2-r3/sysroots/ccimx6ul-kbo/usr/lib/arm-dey-linux-gnueabi/6.2.0/crtbegin.o -L/opt/dey/2.2-r3/sysroots/x86_64-deysdk-linux/usr/lib/arm-dey-linux-gnueabi/gcc/arm-dey-linux-gnueabi/6.2.0 -L/opt/dey/2.2-r3/sysroots/ccimx6ul-kbo/lib -L/opt/dey/2.2-r3/sysroots/ccimx6ul-kbo/usr/lib/arm-dey-linux-gnueabi/6.2.0 -L/opt/dey/2.2-r3/sysroots/ccimx6ul-kbo/usr/lib CMakeFiles/cmTC_28cd5.dir/CMakeCCompilerABI.c.o -lgcc --as-needed -lgcc_s --no-as-needed -lc -lgcc --as-needed -lgcc_s --no-as-needed /opt/dey/2.2-r3/sysroots/ccimx6ul-kbo/usr/lib/arm-dey-linux-gnueabi/6.2.0/crtend.o /opt/dey/2.2-r3/sysroots/ccimx6ul-kbo/usr/lib/crtn.o
COLLECT_GCC_OPTIONS='--sysroot=/opt/dey/2.2-r3/sysroots/ccimx6ul-kbo' '-march=armv7ve' '-marm' '-mfpu=neon' '-mfloat-abi=hard' '-mcpu=cortex-a7' '-v' '-o' 'cmTC_28cd5' '-rdynamic' '-mtls-dialect=gnu'
make[1]: Leaving directory '/home/khomin/Projects/i2c_poll/Debug/CMakeFiles/CMakeTmp'


Parsed C implicit link information from above output:
  link line regex: [^( *|.*[/\])(CMAKE_LINKER-NOTFOUND|([^/\]+-)?ld|collect2)[^/\]*( |$)]
  ignore line: [Change Dir: /home/khomin/Projects/i2c_poll/Debug/CMakeFiles/CMakeTmp]
  ignore line: []
  ignore line: [Run Build Command:"/usr/bin/make" "cmTC_28cd5/fast"]
  ignore line: [/usr/bin/make -f CMakeFiles/cmTC_28cd5.dir/build.make CMakeFiles/cmTC_28cd5.dir/build]
  ignore line: [make[1]: Entering directory '/home/khomin/Projects/i2c_poll/Debug/CMakeFiles/CMakeTmp']
  ignore line: [Building C object CMakeFiles/cmTC_28cd5.dir/CMakeCCompilerABI.c.o]
  ignore line: [/opt/dey/2.2-r3/sysroots/x86_64-deysdk-linux/usr/bin/arm-dey-linux-gnueabi/arm-dey-linux-gnueabi-gcc    --sysroot=/opt/dey/2.2-r3/sysroots/ccimx6ul-kbo  -march=armv7ve -marm -mfpu=neon  -mfloat-abi=hard -mcpu=cortex-a7     -o CMakeFiles/cmTC_28cd5.dir/CMakeCCompilerABI.c.o   -c /usr/share/cmake-3.5/Modules/CMakeCCompilerABI.c]
  ignore line: [Linking C executable cmTC_28cd5]
  ignore line: [/usr/bin/cmake -E cmake_link_script CMakeFiles/cmTC_28cd5.dir/link.txt --verbose=1]
  ignore line: [/opt/dey/2.2-r3/sysroots/x86_64-deysdk-linux/usr/bin/arm-dey-linux-gnueabi/arm-dey-linux-gnueabi-gcc     --sysroot=/opt/dey/2.2-r3/sysroots/ccimx6ul-kbo  -march=armv7ve -marm -mfpu=neon  -mfloat-abi=hard -mcpu=cortex-a7      --sysroot=/opt/dey/2.2-r3/sysroots/ccimx6ul-kbo -v CMakeFiles/cmTC_28cd5.dir/CMakeCCompilerABI.c.o  -o cmTC_28cd5 -rdynamic  ]
  ignore line: [Using built-in specs.]
  ignore line: [COLLECT_GCC=/opt/dey/2.2-r3/sysroots/x86_64-deysdk-linux/usr/bin/arm-dey-linux-gnueabi/arm-dey-linux-gnueabi-gcc]
  ignore line: [COLLECT_LTO_WRAPPER=/opt/dey/2.2-r3/sysroots/x86_64-deysdk-linux/usr/libexec/arm-dey-linux-gnueabi/gcc/arm-dey-linux-gnueabi/6.2.0/lto-wrapper]
  ignore line: [Target: arm-dey-linux-gnueabi]
  ignore line: [Configured with: ../../../../../../work-shared/gcc-6.2.0-r0/gcc-6.2.0/configure --build=x86_64-linux --host=x86_64-deysdk-linux --target=arm-dey-linux-gnueabi --prefix=/opt/dey/2.2-r3/sysroots/x86_64-deysdk-linux/usr --exec_prefix=/opt/dey/2.2-r3/sysroots/x86_64-deysdk-linux/usr --bindir=/opt/dey/2.2-r3/sysroots/x86_64-deysdk-linux/usr/bin/arm-dey-linux-gnueabi --sbindir=/opt/dey/2.2-r3/sysroots/x86_64-deysdk-linux/usr/bin/arm-dey-linux-gnueabi --libexecdir=/opt/dey/2.2-r3/sysroots/x86_64-deysdk-linux/usr/libexec/arm-dey-linux-gnueabi --datadir=/opt/dey/2.2-r3/sysroots/x86_64-deysdk-linux/usr/share --sysconfdir=/opt/dey/2.2-r3/sysroots/x86_64-deysdk-linux/etc --sharedstatedir=/opt/dey/2.2-r3/sysroots/x86_64-deysdk-linux/com --localstatedir=/opt/dey/2.2-r3/sysroots/x86_64-deysdk-linux/var --libdir=/opt/dey/2.2-r3/sysroots/x86_64-deysdk-linux/usr/lib/arm-dey-linux-gnueabi --includedir=/opt/dey/2.2-r3/sysroots/x86_64-deysdk-linux/usr/include --oldincludedir=/opt/dey/2.2-r3/sysroots/x86_64-deysdk-linux/usr/include --infodir=/opt/dey/2.2-r3/sysroots/x86_64-deysdk-linux/usr/share/info --mandir=/opt/dey/2.2-r3/sysroots/x86_64-deysdk-linux/usr/share/man --disable-silent-rules --disable-dependency-tracking --with-libtool-sysroot=/home/builder/jenkins/workspace/dey-x11-release/projects/ccimx6qpsbc/tmp/sysroots/x86_64-nativesdk-deysdk-linux --with-gnu-ld --enable-shared --enable-languages=c,c++ --enable-threads=posix --enable-multilib --enable-c99 --enable-long-long --enable-symvers=gnu --enable-libstdcxx-pch --program-prefix=arm-dey-linux-gnueabi- --without-local-prefix --enable-lto --enable-libssp --enable-libitm --disable-bootstrap --disable-libmudflap --with-system-zlib --with-linker-hash-style=gnu --enable-linker-build-id --with-ppl=no --with-cloog=no --enable-checking=release --enable-cheaders=c_global --without-isl --with-gxx-include-dir=/not/exist/usr/include/c++/6.2.0 --with-build-time-tools=/home/builder/jenkins/workspace/dey-x11-release/projects/ccimx6qpsbc/tmp/sysroots/x86_64-linux/usr/arm-dey-linux-gnueabi/bin --with-sysroot=/not/exist --with-build-sysroot=/home/builder/jenkins/workspace/dey-x11-release/projects/ccimx6qpsbc/tmp/sysroots/ccimx6qpsbc --without-long-double-128 --enable-poison-system-directories --with-mpfr=/home/builder/jenkins/workspace/dey-x11-release/projects/ccimx6qpsbc/tmp/sysroots/x86_64-nativesdk-deysdk-linux --with-mpc=/home/builder/jenkins/workspace/dey-x11-release/projects/ccimx6qpsbc/tmp/sysroots/x86_64-nativesdk-deysdk-linux --disable-static --enable-nls --enable-initfini-array --with-arch=armv7-a]
  ignore line: [Thread model: posix]
  ignore line: [gcc version 6.2.0 (GCC) ]
  ignore line: [COMPILER_PATH=/opt/dey/2.2-r3/sysroots/x86_64-deysdk-linux/usr/libexec/arm-dey-linux-gnueabi/gcc/arm-dey-linux-gnueabi/6.2.0/:/opt/dey/2.2-r3/sysroots/x86_64-deysdk-linux/usr/libexec/arm-dey-linux-gnueabi/gcc/arm-dey-linux-gnueabi/6.2.0/:/opt/dey/2.2-r3/sysroots/x86_64-deysdk-linux/usr/libexec/arm-dey-linux-gnueabi/gcc/arm-dey-linux-gnueabi/:/opt/dey/2.2-r3/sysroots/x86_64-deysdk-linux/usr/lib/arm-dey-linux-gnueabi/gcc/arm-dey-linux-gnueabi/6.2.0/:/opt/dey/2.2-r3/sysroots/x86_64-deysdk-linux/usr/lib/arm-dey-linux-gnueabi/gcc/arm-dey-linux-gnueabi/]
  ignore line: [LIBRARY_PATH=/opt/dey/2.2-r3/sysroots/x86_64-deysdk-linux/usr/lib/arm-dey-linux-gnueabi/gcc/arm-dey-linux-gnueabi/6.2.0/:/opt/dey/2.2-r3/sysroots/ccimx6ul-kbo/lib/:/opt/dey/2.2-r3/sysroots/ccimx6ul-kbo/usr/lib/arm-dey-linux-gnueabi/6.2.0/:/opt/dey/2.2-r3/sysroots/ccimx6ul-kbo/usr/lib/]
  ignore line: [COLLECT_GCC_OPTIONS='--sysroot=/opt/dey/2.2-r3/sysroots/ccimx6ul-kbo' '-march=armv7ve' '-marm' '-mfpu=neon' '-mfloat-abi=hard' '-mcpu=cortex-a7' '-v' '-o' 'cmTC_28cd5' '-rdynamic' '-mtls-dialect=gnu']
  link line: [ /opt/dey/2.2-r3/sysroots/x86_64-deysdk-linux/usr/libexec/arm-dey-linux-gnueabi/gcc/arm-dey-linux-gnueabi/6.2.0/collect2 -plugin /opt/dey/2.2-r3/sysroots/x86_64-deysdk-linux/usr/libexec/arm-dey-linux-gnueabi/gcc/arm-dey-linux-gnueabi/6.2.0/liblto_plugin.so -plugin-opt=/opt/dey/2.2-r3/sysroots/x86_64-deysdk-linux/usr/libexec/arm-dey-linux-gnueabi/gcc/arm-dey-linux-gnueabi/6.2.0/lto-wrapper -plugin-opt=-fresolution=/tmp/ccRbh8uI.res -plugin-opt=-pass-through=-lgcc -plugin-opt=-pass-through=-lgcc_s -plugin-opt=-pass-through=-lc -plugin-opt=-pass-through=-lgcc -plugin-opt=-pass-through=-lgcc_s --sysroot=/opt/dey/2.2-r3/sysroots/ccimx6ul-kbo --build-id --eh-frame-hdr --hash-style=gnu -export-dynamic -dynamic-linker /lib/ld-linux-armhf.so.3 -X -m armelf_linux_eabi -o cmTC_28cd5 /opt/dey/2.2-r3/sysroots/ccimx6ul-kbo/usr/lib/crt1.o /opt/dey/2.2-r3/sysroots/ccimx6ul-kbo/usr/lib/crti.o /opt/dey/2.2-r3/sysroots/ccimx6ul-kbo/usr/lib/arm-dey-linux-gnueabi/6.2.0/crtbegin.o -L/opt/dey/2.2-r3/sysroots/x86_64-deysdk-linux/usr/lib/arm-dey-linux-gnueabi/gcc/arm-dey-linux-gnueabi/6.2.0 -L/opt/dey/2.2-r3/sysroots/ccimx6ul-kbo/lib -L/opt/dey/2.2-r3/sysroots/ccimx6ul-kbo/usr/lib/arm-dey-linux-gnueabi/6.2.0 -L/opt/dey/2.2-r3/sysroots/ccimx6ul-kbo/usr/lib CMakeFiles/cmTC_28cd5.dir/CMakeCCompilerABI.c.o -lgcc --as-needed -lgcc_s --no-as-needed -lc -lgcc --as-needed -lgcc_s --no-as-needed /opt/dey/2.2-r3/sysroots/ccimx6ul-kbo/usr/lib/arm-dey-linux-gnueabi/6.2.0/crtend.o /opt/dey/2.2-r3/sysroots/ccimx6ul-kbo/usr/lib/crtn.o]
    arg [/opt/dey/2.2-r3/sysroots/x86_64-deysdk-linux/usr/libexec/arm-dey-linux-gnueabi/gcc/arm-dey-linux-gnueabi/6.2.0/collect2] ==> ignore
    arg [-plugin] ==> ignore
    arg [/opt/dey/2.2-r3/sysroots/x86_64-deysdk-linux/usr/libexec/arm-dey-linux-gnueabi/gcc/arm-dey-linux-gnueabi/6.2.0/liblto_plugin.so] ==> ignore
    arg [-plugin-opt=/opt/dey/2.2-r3/sysroots/x86_64-deysdk-linux/usr/libexec/arm-dey-linux-gnueabi/gcc/arm-dey-linux-gnueabi/6.2.0/lto-wrapper] ==> ignore
    arg [-plugin-opt=-fresolution=/tmp/ccRbh8uI.res] ==> ignore
    arg [-plugin-opt=-pass-through=-lgcc] ==> ignore
    arg [-plugin-opt=-pass-through=-lgcc_s] ==> ignore
    arg [-plugin-opt=-pass-through=-lc] ==> ignore
    arg [-plugin-opt=-pass-through=-lgcc] ==> ignore
    arg [-plugin-opt=-pass-through=-lgcc_s] ==> ignore
    arg [--sysroot=/opt/dey/2.2-r3/sysroots/ccimx6ul-kbo] ==> ignore
    arg [--build-id] ==> ignore
    arg [--eh-frame-hdr] ==> ignore
    arg [--hash-style=gnu] ==> ignore
    arg [-export-dynamic] ==> ignore
    arg [-dynamic-linker] ==> ignore
    arg [/lib/ld-linux-armhf.so.3] ==> ignore
    arg [-X] ==> ignore
    arg [-m] ==> ignore
    arg [armelf_linux_eabi] ==> ignore
    arg [-o] ==> ignore
    arg [cmTC_28cd5] ==> ignore
    arg [/opt/dey/2.2-r3/sysroots/ccimx6ul-kbo/usr/lib/crt1.o] ==> ignore
    arg [/opt/dey/2.2-r3/sysroots/ccimx6ul-kbo/usr/lib/crti.o] ==> ignore
    arg [/opt/dey/2.2-r3/sysroots/ccimx6ul-kbo/usr/lib/arm-dey-linux-gnueabi/6.2.0/crtbegin.o] ==> ignore
    arg [-L/opt/dey/2.2-r3/sysroots/x86_64-deysdk-linux/usr/lib/arm-dey-linux-gnueabi/gcc/arm-dey-linux-gnueabi/6.2.0] ==> dir [/opt/dey/2.2-r3/sysroots/x86_64-deysdk-linux/usr/lib/arm-dey-linux-gnueabi/gcc/arm-dey-linux-gnueabi/6.2.0]
    arg [-L/opt/dey/2.2-r3/sysroots/ccimx6ul-kbo/lib] ==> dir [/opt/dey/2.2-r3/sysroots/ccimx6ul-kbo/lib]
    arg [-L/opt/dey/2.2-r3/sysroots/ccimx6ul-kbo/usr/lib/arm-dey-linux-gnueabi/6.2.0] ==> dir [/opt/dey/2.2-r3/sysroots/ccimx6ul-kbo/usr/lib/arm-dey-linux-gnueabi/6.2.0]
    arg [-L/opt/dey/2.2-r3/sysroots/ccimx6ul-kbo/usr/lib] ==> dir [/opt/dey/2.2-r3/sysroots/ccimx6ul-kbo/usr/lib]
    arg [CMakeFiles/cmTC_28cd5.dir/CMakeCCompilerABI.c.o] ==> ignore
    arg [-lgcc] ==> lib [gcc]
    arg [--as-needed] ==> ignore
    arg [-lgcc_s] ==> lib [gcc_s]
    arg [--no-as-needed] ==> ignore
    arg [-lc] ==> lib [c]
    arg [-lgcc] ==> lib [gcc]
    arg [--as-needed] ==> ignore
    arg [-lgcc_s] ==> lib [gcc_s]
    arg [--no-as-needed] ==> ignore
    arg [/opt/dey/2.2-r3/sysroots/ccimx6ul-kbo/usr/lib/arm-dey-linux-gnueabi/6.2.0/crtend.o] ==> ignore
    arg [/opt/dey/2.2-r3/sysroots/ccimx6ul-kbo/usr/lib/crtn.o] ==> ignore
  remove lib [gcc]
  remove lib [gcc_s]
  remove lib [gcc]
  remove lib [gcc_s]
  collapse library dir [/opt/dey/2.2-r3/sysroots/x86_64-deysdk-linux/usr/lib/arm-dey-linux-gnueabi/gcc/arm-dey-linux-gnueabi/6.2.0] ==> [/opt/dey/2.2-r3/sysroots/x86_64-deysdk-linux/usr/lib/arm-dey-linux-gnueabi/gcc/arm-dey-linux-gnueabi/6.2.0]
  collapse library dir [/opt/dey/2.2-r3/sysroots/ccimx6ul-kbo/lib] ==> [/opt/dey/2.2-r3/sysroots/ccimx6ul-kbo/lib]
  collapse library dir [/opt/dey/2.2-r3/sysroots/ccimx6ul-kbo/usr/lib/arm-dey-linux-gnueabi/6.2.0] ==> [/opt/dey/2.2-r3/sysroots/ccimx6ul-kbo/usr/lib/arm-dey-linux-gnueabi/6.2.0]
  collapse library dir [/opt/dey/2.2-r3/sysroots/ccimx6ul-kbo/usr/lib] ==> [/opt/dey/2.2-r3/sysroots/ccimx6ul-kbo/usr/lib]
  implicit libs: [c]
  implicit dirs: [/opt/dey/2.2-r3/sysroots/x86_64-deysdk-linux/usr/lib/arm-dey-linux-gnueabi/gcc/arm-dey-linux-gnueabi/6.2.0;/opt/dey/2.2-r3/sysroots/ccimx6ul-kbo/lib;/opt/dey/2.2-r3/sysroots/ccimx6ul-kbo/usr/lib/arm-dey-linux-gnueabi/6.2.0;/opt/dey/2.2-r3/sysroots/ccimx6ul-kbo/usr/lib]
  implicit fwks: []




Detecting C [-std=c11] compiler features compiled with the following output:
Change Dir: /home/khomin/Projects/i2c_poll/Debug/CMakeFiles/CMakeTmp

Run Build Command:"/usr/bin/make" "cmTC_8c081/fast"
/usr/bin/make -f CMakeFiles/cmTC_8c081.dir/build.make CMakeFiles/cmTC_8c081.dir/build
make[1]: Entering directory '/home/khomin/Projects/i2c_poll/Debug/CMakeFiles/CMakeTmp'
Building C object CMakeFiles/cmTC_8c081.dir/feature_tests.c.o
/opt/dey/2.2-r3/sysroots/x86_64-deysdk-linux/usr/bin/arm-dey-linux-gnueabi/arm-dey-linux-gnueabi-gcc    --sysroot=/opt/dey/2.2-r3/sysroots/ccimx6ul-kbo  -march=armv7ve -marm -mfpu=neon  -mfloat-abi=hard -mcpu=cortex-a7     -std=c11 -o CMakeFiles/cmTC_8c081.dir/feature_tests.c.o   -c /home/khomin/Projects/i2c_poll/Debug/CMakeFiles/feature_tests.c
Linking C executable cmTC_8c081
/usr/bin/cmake -E cmake_link_script CMakeFiles/cmTC_8c081.dir/link.txt --verbose=1
/opt/dey/2.2-r3/sysroots/x86_64-deysdk-linux/usr/bin/arm-dey-linux-gnueabi/arm-dey-linux-gnueabi-gcc     --sysroot=/opt/dey/2.2-r3/sysroots/ccimx6ul-kbo  -march=armv7ve -marm -mfpu=neon  -mfloat-abi=hard -mcpu=cortex-a7      --sysroot=/opt/dey/2.2-r3/sysroots/ccimx6ul-kbo  CMakeFiles/cmTC_8c081.dir/feature_tests.c.o  -o cmTC_8c081 -rdynamic 
make[1]: Leaving directory '/home/khomin/Projects/i2c_poll/Debug/CMakeFiles/CMakeTmp'


    Feature record: C_FEATURE:1c_function_prototypes
    Feature record: C_FEATURE:1c_restrict
    Feature record: C_FEATURE:1c_static_assert
    Feature record: C_FEATURE:1c_variadic_macros


Detecting C [-std=c99] compiler features compiled with the following output:
Change Dir: /home/khomin/Projects/i2c_poll/Debug/CMakeFiles/CMakeTmp

Run Build Command:"/usr/bin/make" "cmTC_941d6/fast"
/usr/bin/make -f CMakeFiles/cmTC_941d6.dir/build.make CMakeFiles/cmTC_941d6.dir/build
make[1]: Entering directory '/home/khomin/Projects/i2c_poll/Debug/CMakeFiles/CMakeTmp'
Building C object CMakeFiles/cmTC_941d6.dir/feature_tests.c.o
/opt/dey/2.2-r3/sysroots/x86_64-deysdk-linux/usr/bin/arm-dey-linux-gnueabi/arm-dey-linux-gnueabi-gcc    --sysroot=/opt/dey/2.2-r3/sysroots/ccimx6ul-kbo  -march=armv7ve -marm -mfpu=neon  -mfloat-abi=hard -mcpu=cortex-a7     -std=c99 -o CMakeFiles/cmTC_941d6.dir/feature_tests.c.o   -c /home/khomin/Projects/i2c_poll/Debug/CMakeFiles/feature_tests.c
Linking C executable cmTC_941d6
/usr/bin/cmake -E cmake_link_script CMakeFiles/cmTC_941d6.dir/link.txt --verbose=1
/opt/dey/2.2-r3/sysroots/x86_64-deysdk-linux/usr/bin/arm-dey-linux-gnueabi/arm-dey-linux-gnueabi-gcc     --sysroot=/opt/dey/2.2-r3/sysroots/ccimx6ul-kbo  -march=armv7ve -marm -mfpu=neon  -mfloat-abi=hard -mcpu=cortex-a7      --sysroot=/opt/dey/2.2-r3/sysroots/ccimx6ul-kbo  CMakeFiles/cmTC_941d6.dir/feature_tests.c.o  -o cmTC_941d6 -rdynamic 
make[1]: Leaving directory '/home/khomin/Projects/i2c_poll/Debug/CMakeFiles/CMakeTmp'


    Feature record: C_FEATURE:1c_function_prototypes
    Feature record: C_FEATURE:1c_restrict
    Feature record: C_FEATURE:0c_static_assert
    Feature record: C_FEATURE:1c_variadic_macros


Detecting C [-std=c90] compiler features compiled with the following output:
Change Dir: /home/khomin/Projects/i2c_poll/Debug/CMakeFiles/CMakeTmp

Run Build Command:"/usr/bin/make" "cmTC_8ecdd/fast"
/usr/bin/make -f CMakeFiles/cmTC_8ecdd.dir/build.make CMakeFiles/cmTC_8ecdd.dir/build
make[1]: Entering directory '/home/khomin/Projects/i2c_poll/Debug/CMakeFiles/CMakeTmp'
Building C object CMakeFiles/cmTC_8ecdd.dir/feature_tests.c.o
/opt/dey/2.2-r3/sysroots/x86_64-deysdk-linux/usr/bin/arm-dey-linux-gnueabi/arm-dey-linux-gnueabi-gcc    --sysroot=/opt/dey/2.2-r3/sysroots/ccimx6ul-kbo  -march=armv7ve -marm -mfpu=neon  -mfloat-abi=hard -mcpu=cortex-a7     -std=c90 -o CMakeFiles/cmTC_8ecdd.dir/feature_tests.c.o   -c /home/khomin/Projects/i2c_poll/Debug/CMakeFiles/feature_tests.c
Linking C executable cmTC_8ecdd
/usr/bin/cmake -E cmake_link_script CMakeFiles/cmTC_8ecdd.dir/link.txt --verbose=1
/opt/dey/2.2-r3/sysroots/x86_64-deysdk-linux/usr/bin/arm-dey-linux-gnueabi/arm-dey-linux-gnueabi-gcc     --sysroot=/opt/dey/2.2-r3/sysroots/ccimx6ul-kbo  -march=armv7ve -marm -mfpu=neon  -mfloat-abi=hard -mcpu=cortex-a7      --sysroot=/opt/dey/2.2-r3/sysroots/ccimx6ul-kbo  CMakeFiles/cmTC_8ecdd.dir/feature_tests.c.o  -o cmTC_8ecdd -rdynamic 
make[1]: Leaving directory '/home/khomin/Projects/i2c_poll/Debug/CMakeFiles/CMakeTmp'


    Feature record: C_FEATURE:1c_function_prototypes
    Feature record: C_FEATURE:0c_restrict
    Feature record: C_FEATURE:0c_static_assert
    Feature record: C_FEATURE:0c_variadic_macros
Determining if the CXX compiler works passed with the following output:
Change Dir: /home/khomin/Projects/i2c_poll/Debug/CMakeFiles/CMakeTmp

Run Build Command:"/usr/bin/make" "cmTC_cad80/fast"
/usr/bin/make -f CMakeFiles/cmTC_cad80.dir/build.make CMakeFiles/cmTC_cad80.dir/build
make[1]: Entering directory '/home/khomin/Projects/i2c_poll/Debug/CMakeFiles/CMakeTmp'
Building CXX object CMakeFiles/cmTC_cad80.dir/testCXXCompiler.cxx.o
/opt/dey/2.2-r3/sysroots/x86_64-deysdk-linux/usr/bin/arm-dey-linux-gnueabi/arm-dey-linux-gnueabi-g++     --sysroot=/opt/dey/2.2-r3/sysroots/ccimx6ul-kbo  -march=armv7ve -marm -mfpu=neon  -mfloat-abi=hard -mcpu=cortex-a7  -fpermissive    -o CMakeFiles/cmTC_cad80.dir/testCXXCompiler.cxx.o -c /home/khomin/Projects/i2c_poll/Debug/CMakeFiles/CMakeTmp/testCXXCompiler.cxx
Linking CXX executable cmTC_cad80
/usr/bin/cmake -E cmake_link_script CMakeFiles/cmTC_cad80.dir/link.txt --verbose=1
/opt/dey/2.2-r3/sysroots/x86_64-deysdk-linux/usr/bin/arm-dey-linux-gnueabi/arm-dey-linux-gnueabi-g++      --sysroot=/opt/dey/2.2-r3/sysroots/ccimx6ul-kbo  -march=armv7ve -marm -mfpu=neon  -mfloat-abi=hard -mcpu=cortex-a7  -fpermissive     --sysroot=/opt/dey/2.2-r3/sysroots/ccimx6ul-kbo  CMakeFiles/cmTC_cad80.dir/testCXXCompiler.cxx.o  -o cmTC_cad80 -rdynamic 
make[1]: Leaving directory '/home/khomin/Projects/i2c_poll/Debug/CMakeFiles/CMakeTmp'


Detecting CXX compiler ABI info compiled with the following output:
Change Dir: /home/khomin/Projects/i2c_poll/Debug/CMakeFiles/CMakeTmp

Run Build Command:"/usr/bin/make" "cmTC_2a1f0/fast"
/usr/bin/make -f CMakeFiles/cmTC_2a1f0.dir/build.make CMakeFiles/cmTC_2a1f0.dir/build
make[1]: Entering directory '/home/khomin/Projects/i2c_poll/Debug/CMakeFiles/CMakeTmp'
Building CXX object CMakeFiles/cmTC_2a1f0.dir/CMakeCXXCompilerABI.cpp.o
/opt/dey/2.2-r3/sysroots/x86_64-deysdk-linux/usr/bin/arm-dey-linux-gnueabi/arm-dey-linux-gnueabi-g++     --sysroot=/opt/dey/2.2-r3/sysroots/ccimx6ul-kbo  -march=armv7ve -marm -mfpu=neon  -mfloat-abi=hard -mcpu=cortex-a7  -fpermissive    -o CMakeFiles/cmTC_2a1f0.dir/CMakeCXXCompilerABI.cpp.o -c /usr/share/cmake-3.5/Modules/CMakeCXXCompilerABI.cpp
Linking CXX executable cmTC_2a1f0
/usr/bin/cmake -E cmake_link_script CMakeFiles/cmTC_2a1f0.dir/link.txt --verbose=1
/opt/dey/2.2-r3/sysroots/x86_64-deysdk-linux/usr/bin/arm-dey-linux-gnueabi/arm-dey-linux-gnueabi-g++      --sysroot=/opt/dey/2.2-r3/sysroots/ccimx6ul-kbo  -march=armv7ve -marm -mfpu=neon  -mfloat-abi=hard -mcpu=cortex-a7  -fpermissive     --sysroot=/opt/dey/2.2-r3/sysroots/ccimx6ul-kbo -v CMakeFiles/cmTC_2a1f0.dir/CMakeCXXCompilerABI.cpp.o  -o cmTC_2a1f0 -rdynamic  
Using built-in specs.
COLLECT_GCC=/opt/dey/2.2-r3/sysroots/x86_64-deysdk-linux/usr/bin/arm-dey-linux-gnueabi/arm-dey-linux-gnueabi-g++
COLLECT_LTO_WRAPPER=/opt/dey/2.2-r3/sysroots/x86_64-deysdk-linux/usr/libexec/arm-dey-linux-gnueabi/gcc/arm-dey-linux-gnueabi/6.2.0/lto-wrapper
Target: arm-dey-linux-gnueabi
Configured with: ../../../../../../work-shared/gcc-6.2.0-r0/gcc-6.2.0/configure --build=x86_64-linux --host=x86_64-deysdk-linux --target=arm-dey-linux-gnueabi --prefix=/opt/dey/2.2-r3/sysroots/x86_64-deysdk-linux/usr --exec_prefix=/opt/dey/2.2-r3/sysroots/x86_64-deysdk-linux/usr --bindir=/opt/dey/2.2-r3/sysroots/x86_64-deysdk-linux/usr/bin/arm-dey-linux-gnueabi --sbindir=/opt/dey/2.2-r3/sysroots/x86_64-deysdk-linux/usr/bin/arm-dey-linux-gnueabi --libexecdir=/opt/dey/2.2-r3/sysroots/x86_64-deysdk-linux/usr/libexec/arm-dey-linux-gnueabi --datadir=/opt/dey/2.2-r3/sysroots/x86_64-deysdk-linux/usr/share --sysconfdir=/opt/dey/2.2-r3/sysroots/x86_64-deysdk-linux/etc --sharedstatedir=/opt/dey/2.2-r3/sysroots/x86_64-deysdk-linux/com --localstatedir=/opt/dey/2.2-r3/sysroots/x86_64-deysdk-linux/var --libdir=/opt/dey/2.2-r3/sysroots/x86_64-deysdk-linux/usr/lib/arm-dey-linux-gnueabi --includedir=/opt/dey/2.2-r3/sysroots/x86_64-deysdk-linux/usr/include --oldincludedir=/opt/dey/2.2-r3/sysroots/x86_64-deysdk-linux/usr/include --infodir=/opt/dey/2.2-r3/sysroots/x86_64-deysdk-linux/usr/share/info --mandir=/opt/dey/2.2-r3/sysroots/x86_64-deysdk-linux/usr/share/man --disable-silent-rules --disable-dependency-tracking --with-libtool-sysroot=/home/builder/jenkins/workspace/dey-x11-release/projects/ccimx6qpsbc/tmp/sysroots/x86_64-nativesdk-deysdk-linux --with-gnu-ld --enable-shared --enable-languages=c,c++ --enable-threads=posix --enable-multilib --enable-c99 --enable-long-long --enable-symvers=gnu --enable-libstdcxx-pch --program-prefix=arm-dey-linux-gnueabi- --without-local-prefix --enable-lto --enable-libssp --enable-libitm --disable-bootstrap --disable-libmudflap --with-system-zlib --with-linker-hash-style=gnu --enable-linker-build-id --with-ppl=no --with-cloog=no --enable-checking=release --enable-cheaders=c_global --without-isl --with-gxx-include-dir=/not/exist/usr/include/c++/6.2.0 --with-build-time-tools=/home/builder/jenkins/workspace/dey-x11-release/projects/ccimx6qpsbc/tmp/sysroots/x86_64-linux/usr/arm-dey-linux-gnueabi/bin --with-sysroot=/not/exist --with-build-sysroot=/home/builder/jenkins/workspace/dey-x11-release/projects/ccimx6qpsbc/tmp/sysroots/ccimx6qpsbc --without-long-double-128 --enable-poison-system-directories --with-mpfr=/home/builder/jenkins/workspace/dey-x11-release/projects/ccimx6qpsbc/tmp/sysroots/x86_64-nativesdk-deysdk-linux --with-mpc=/home/builder/jenkins/workspace/dey-x11-release/projects/ccimx6qpsbc/tmp/sysroots/x86_64-nativesdk-deysdk-linux --disable-static --enable-nls --enable-initfini-array --with-arch=armv7-a
Thread model: posix
gcc version 6.2.0 (GCC) 
COMPILER_PATH=/opt/dey/2.2-r3/sysroots/x86_64-deysdk-linux/usr/libexec/arm-dey-linux-gnueabi/gcc/arm-dey-linux-gnueabi/6.2.0/:/opt/dey/2.2-r3/sysroots/x86_64-deysdk-linux/usr/libexec/arm-dey-linux-gnueabi/gcc/arm-dey-linux-gnueabi/6.2.0/:/opt/dey/2.2-r3/sysroots/x86_64-deysdk-linux/usr/libexec/arm-dey-linux-gnueabi/gcc/arm-dey-linux-gnueabi/:/opt/dey/2.2-r3/sysroots/x86_64-deysdk-linux/usr/lib/arm-dey-linux-gnueabi/gcc/arm-dey-linux-gnueabi/6.2.0/:/opt/dey/2.2-r3/sysroots/x86_64-deysdk-linux/usr/lib/arm-dey-linux-gnueabi/gcc/arm-dey-linux-gnueabi/
LIBRARY_PATH=/opt/dey/2.2-r3/sysroots/x86_64-deysdk-linux/usr/lib/arm-dey-linux-gnueabi/gcc/arm-dey-linux-gnueabi/6.2.0/:/opt/dey/2.2-r3/sysroots/ccimx6ul-kbo/lib/:/opt/dey/2.2-r3/sysroots/ccimx6ul-kbo/usr/lib/arm-dey-linux-gnueabi/6.2.0/:/opt/dey/2.2-r3/sysroots/ccimx6ul-kbo/usr/lib/
COLLECT_GCC_OPTIONS='--sysroot=/opt/dey/2.2-r3/sysroots/ccimx6ul-kbo' '-march=armv7ve' '-marm' '-mfpu=neon' '-mfloat-abi=hard' '-mcpu=cortex-a7' '-fpermissive' '-v' '-o' 'cmTC_2a1f0' '-rdynamic' '-shared-libgcc' '-mtls-dialect=gnu'
 /opt/dey/2.2-r3/sysroots/x86_64-deysdk-linux/usr/libexec/arm-dey-linux-gnueabi/gcc/arm-dey-linux-gnueabi/6.2.0/collect2 -plugin /opt/dey/2.2-r3/sysroots/x86_64-deysdk-linux/usr/libexec/arm-dey-linux-gnueabi/gcc/arm-dey-linux-gnueabi/6.2.0/liblto_plugin.so -plugin-opt=/opt/dey/2.2-r3/sysroots/x86_64-deysdk-linux/usr/libexec/arm-dey-linux-gnueabi/gcc/arm-dey-linux-gnueabi/6.2.0/lto-wrapper -plugin-opt=-fresolution=/tmp/cc5s9cjC.res -plugin-opt=-pass-through=-lgcc_s -plugin-opt=-pass-through=-lgcc -plugin-opt=-pass-through=-lc -plugin-opt=-pass-through=-lgcc_s -plugin-opt=-pass-through=-lgcc --sysroot=/opt/dey/2.2-r3/sysroots/ccimx6ul-kbo --build-id --eh-frame-hdr --hash-style=gnu -export-dynamic -dynamic-linker /lib/ld-linux-armhf.so.3 -X -m armelf_linux_eabi -o cmTC_2a1f0 /opt/dey/2.2-r3/sysroots/ccimx6ul-kbo/usr/lib/crt1.o /opt/dey/2.2-r3/sysroots/ccimx6ul-kbo/usr/lib/crti.o /opt/dey/2.2-r3/sysroots/ccimx6ul-kbo/usr/lib/arm-dey-linux-gnueabi/6.2.0/crtbegin.o -L/opt/dey/2.2-r3/sysroots/x86_64-deysdk-linux/usr/lib/arm-dey-linux-gnueabi/gcc/arm-dey-linux-gnueabi/6.2.0 -L/opt/dey/2.2-r3/sysroots/ccimx6ul-kbo/lib -L/opt/dey/2.2-r3/sysroots/ccimx6ul-kbo/usr/lib/arm-dey-linux-gnueabi/6.2.0 -L/opt/dey/2.2-r3/sysroots/ccimx6ul-kbo/usr/lib CMakeFiles/cmTC_2a1f0.dir/CMakeCXXCompilerABI.cpp.o -lstdc++ -lm -lgcc_s -lgcc -lc -lgcc_s -lgcc /opt/dey/2.2-r3/sysroots/ccimx6ul-kbo/usr/lib/arm-dey-linux-gnueabi/6.2.0/crtend.o /opt/dey/2.2-r3/sysroots/ccimx6ul-kbo/usr/lib/crtn.o
COLLECT_GCC_OPTIONS='--sysroot=/opt/dey/2.2-r3/sysroots/ccimx6ul-kbo' '-march=armv7ve' '-marm' '-mfpu=neon' '-mfloat-abi=hard' '-mcpu=cortex-a7' '-fpermissive' '-v' '-o' 'cmTC_2a1f0' '-rdynamic' '-shared-libgcc' '-mtls-dialect=gnu'
make[1]: Leaving directory '/home/khomin/Projects/i2c_poll/Debug/CMakeFiles/CMakeTmp'


Parsed CXX implicit link information from above output:
  link line regex: [^( *|.*[/\])(CMAKE_LINKER-NOTFOUND|([^/\]+-)?ld|collect2)[^/\]*( |$)]
  ignore line: [Change Dir: /home/khomin/Projects/i2c_poll/Debug/CMakeFiles/CMakeTmp]
  ignore line: []
  ignore line: [Run Build Command:"/usr/bin/make" "cmTC_2a1f0/fast"]
  ignore line: [/usr/bin/make -f CMakeFiles/cmTC_2a1f0.dir/build.make CMakeFiles/cmTC_2a1f0.dir/build]
  ignore line: [make[1]: Entering directory '/home/khomin/Projects/i2c_poll/Debug/CMakeFiles/CMakeTmp']
  ignore line: [Building CXX object CMakeFiles/cmTC_2a1f0.dir/CMakeCXXCompilerABI.cpp.o]
  ignore line: [/opt/dey/2.2-r3/sysroots/x86_64-deysdk-linux/usr/bin/arm-dey-linux-gnueabi/arm-dey-linux-gnueabi-g++     --sysroot=/opt/dey/2.2-r3/sysroots/ccimx6ul-kbo  -march=armv7ve -marm -mfpu=neon  -mfloat-abi=hard -mcpu=cortex-a7  -fpermissive    -o CMakeFiles/cmTC_2a1f0.dir/CMakeCXXCompilerABI.cpp.o -c /usr/share/cmake-3.5/Modules/CMakeCXXCompilerABI.cpp]
  ignore line: [Linking CXX executable cmTC_2a1f0]
  ignore line: [/usr/bin/cmake -E cmake_link_script CMakeFiles/cmTC_2a1f0.dir/link.txt --verbose=1]
  ignore line: [/opt/dey/2.2-r3/sysroots/x86_64-deysdk-linux/usr/bin/arm-dey-linux-gnueabi/arm-dey-linux-gnueabi-g++      --sysroot=/opt/dey/2.2-r3/sysroots/ccimx6ul-kbo  -march=armv7ve -marm -mfpu=neon  -mfloat-abi=hard -mcpu=cortex-a7  -fpermissive     --sysroot=/opt/dey/2.2-r3/sysroots/ccimx6ul-kbo -v CMakeFiles/cmTC_2a1f0.dir/CMakeCXXCompilerABI.cpp.o  -o cmTC_2a1f0 -rdynamic  ]
  ignore line: [Using built-in specs.]
  ignore line: [COLLECT_GCC=/opt/dey/2.2-r3/sysroots/x86_64-deysdk-linux/usr/bin/arm-dey-linux-gnueabi/arm-dey-linux-gnueabi-g++]
  ignore line: [COLLECT_LTO_WRAPPER=/opt/dey/2.2-r3/sysroots/x86_64-deysdk-linux/usr/libexec/arm-dey-linux-gnueabi/gcc/arm-dey-linux-gnueabi/6.2.0/lto-wrapper]
  ignore line: [Target: arm-dey-linux-gnueabi]
  ignore line: [Configured with: ../../../../../../work-shared/gcc-6.2.0-r0/gcc-6.2.0/configure --build=x86_64-linux --host=x86_64-deysdk-linux --target=arm-dey-linux-gnueabi --prefix=/opt/dey/2.2-r3/sysroots/x86_64-deysdk-linux/usr --exec_prefix=/opt/dey/2.2-r3/sysroots/x86_64-deysdk-linux/usr --bindir=/opt/dey/2.2-r3/sysroots/x86_64-deysdk-linux/usr/bin/arm-dey-linux-gnueabi --sbindir=/opt/dey/2.2-r3/sysroots/x86_64-deysdk-linux/usr/bin/arm-dey-linux-gnueabi --libexecdir=/opt/dey/2.2-r3/sysroots/x86_64-deysdk-linux/usr/libexec/arm-dey-linux-gnueabi --datadir=/opt/dey/2.2-r3/sysroots/x86_64-deysdk-linux/usr/share --sysconfdir=/opt/dey/2.2-r3/sysroots/x86_64-deysdk-linux/etc --sharedstatedir=/opt/dey/2.2-r3/sysroots/x86_64-deysdk-linux/com --localstatedir=/opt/dey/2.2-r3/sysroots/x86_64-deysdk-linux/var --libdir=/opt/dey/2.2-r3/sysroots/x86_64-deysdk-linux/usr/lib/arm-dey-linux-gnueabi --includedir=/opt/dey/2.2-r3/sysroots/x86_64-deysdk-linux/usr/include --oldincludedir=/opt/dey/2.2-r3/sysroots/x86_64-deysdk-linux/usr/include --infodir=/opt/dey/2.2-r3/sysroots/x86_64-deysdk-linux/usr/share/info --mandir=/opt/dey/2.2-r3/sysroots/x86_64-deysdk-linux/usr/share/man --disable-silent-rules --disable-dependency-tracking --with-libtool-sysroot=/home/builder/jenkins/workspace/dey-x11-release/projects/ccimx6qpsbc/tmp/sysroots/x86_64-nativesdk-deysdk-linux --with-gnu-ld --enable-shared --enable-languages=c,c++ --enable-threads=posix --enable-multilib --enable-c99 --enable-long-long --enable-symvers=gnu --enable-libstdcxx-pch --program-prefix=arm-dey-linux-gnueabi- --without-local-prefix --enable-lto --enable-libssp --enable-libitm --disable-bootstrap --disable-libmudflap --with-system-zlib --with-linker-hash-style=gnu --enable-linker-build-id --with-ppl=no --with-cloog=no --enable-checking=release --enable-cheaders=c_global --without-isl --with-gxx-include-dir=/not/exist/usr/include/c++/6.2.0 --with-build-time-tools=/home/builder/jenkins/workspace/dey-x11-release/projects/ccimx6qpsbc/tmp/sysroots/x86_64-linux/usr/arm-dey-linux-gnueabi/bin --with-sysroot=/not/exist --with-build-sysroot=/home/builder/jenkins/workspace/dey-x11-release/projects/ccimx6qpsbc/tmp/sysroots/ccimx6qpsbc --without-long-double-128 --enable-poison-system-directories --with-mpfr=/home/builder/jenkins/workspace/dey-x11-release/projects/ccimx6qpsbc/tmp/sysroots/x86_64-nativesdk-deysdk-linux --with-mpc=/home/builder/jenkins/workspace/dey-x11-release/projects/ccimx6qpsbc/tmp/sysroots/x86_64-nativesdk-deysdk-linux --disable-static --enable-nls --enable-initfini-array --with-arch=armv7-a]
  ignore line: [Thread model: posix]
  ignore line: [gcc version 6.2.0 (GCC) ]
  ignore line: [COMPILER_PATH=/opt/dey/2.2-r3/sysroots/x86_64-deysdk-linux/usr/libexec/arm-dey-linux-gnueabi/gcc/arm-dey-linux-gnueabi/6.2.0/:/opt/dey/2.2-r3/sysroots/x86_64-deysdk-linux/usr/libexec/arm-dey-linux-gnueabi/gcc/arm-dey-linux-gnueabi/6.2.0/:/opt/dey/2.2-r3/sysroots/x86_64-deysdk-linux/usr/libexec/arm-dey-linux-gnueabi/gcc/arm-dey-linux-gnueabi/:/opt/dey/2.2-r3/sysroots/x86_64-deysdk-linux/usr/lib/arm-dey-linux-gnueabi/gcc/arm-dey-linux-gnueabi/6.2.0/:/opt/dey/2.2-r3/sysroots/x86_64-deysdk-linux/usr/lib/arm-dey-linux-gnueabi/gcc/arm-dey-linux-gnueabi/]
  ignore line: [LIBRARY_PATH=/opt/dey/2.2-r3/sysroots/x86_64-deysdk-linux/usr/lib/arm-dey-linux-gnueabi/gcc/arm-dey-linux-gnueabi/6.2.0/:/opt/dey/2.2-r3/sysroots/ccimx6ul-kbo/lib/:/opt/dey/2.2-r3/sysroots/ccimx6ul-kbo/usr/lib/arm-dey-linux-gnueabi/6.2.0/:/opt/dey/2.2-r3/sysroots/ccimx6ul-kbo/usr/lib/]
  ignore line: [COLLECT_GCC_OPTIONS='--sysroot=/opt/dey/2.2-r3/sysroots/ccimx6ul-kbo' '-march=armv7ve' '-marm' '-mfpu=neon' '-mfloat-abi=hard' '-mcpu=cortex-a7' '-fpermissive' '-v' '-o' 'cmTC_2a1f0' '-rdynamic' '-shared-libgcc' '-mtls-dialect=gnu']
  link line: [ /opt/dey/2.2-r3/sysroots/x86_64-deysdk-linux/usr/libexec/arm-dey-linux-gnueabi/gcc/arm-dey-linux-gnueabi/6.2.0/collect2 -plugin /opt/dey/2.2-r3/sysroots/x86_64-deysdk-linux/usr/libexec/arm-dey-linux-gnueabi/gcc/arm-dey-linux-gnueabi/6.2.0/liblto_plugin.so -plugin-opt=/opt/dey/2.2-r3/sysroots/x86_64-deysdk-linux/usr/libexec/arm-dey-linux-gnueabi/gcc/arm-dey-linux-gnueabi/6.2.0/lto-wrapper -plugin-opt=-fresolution=/tmp/cc5s9cjC.res -plugin-opt=-pass-through=-lgcc_s -plugin-opt=-pass-through=-lgcc -plugin-opt=-pass-through=-lc -plugin-opt=-pass-through=-lgcc_s -plugin-opt=-pass-through=-lgcc --sysroot=/opt/dey/2.2-r3/sysroots/ccimx6ul-kbo --build-id --eh-frame-hdr --hash-style=gnu -export-dynamic -dynamic-linker /lib/ld-linux-armhf.so.3 -X -m armelf_linux_eabi -o cmTC_2a1f0 /opt/dey/2.2-r3/sysroots/ccimx6ul-kbo/usr/lib/crt1.o /opt/dey/2.2-r3/sysroots/ccimx6ul-kbo/usr/lib/crti.o /opt/dey/2.2-r3/sysroots/ccimx6ul-kbo/usr/lib/arm-dey-linux-gnueabi/6.2.0/crtbegin.o -L/opt/dey/2.2-r3/sysroots/x86_64-deysdk-linux/usr/lib/arm-dey-linux-gnueabi/gcc/arm-dey-linux-gnueabi/6.2.0 -L/opt/dey/2.2-r3/sysroots/ccimx6ul-kbo/lib -L/opt/dey/2.2-r3/sysroots/ccimx6ul-kbo/usr/lib/arm-dey-linux-gnueabi/6.2.0 -L/opt/dey/2.2-r3/sysroots/ccimx6ul-kbo/usr/lib CMakeFiles/cmTC_2a1f0.dir/CMakeCXXCompilerABI.cpp.o -lstdc++ -lm -lgcc_s -lgcc -lc -lgcc_s -lgcc /opt/dey/2.2-r3/sysroots/ccimx6ul-kbo/usr/lib/arm-dey-linux-gnueabi/6.2.0/crtend.o /opt/dey/2.2-r3/sysroots/ccimx6ul-kbo/usr/lib/crtn.o]
    arg [/opt/dey/2.2-r3/sysroots/x86_64-deysdk-linux/usr/libexec/arm-dey-linux-gnueabi/gcc/arm-dey-linux-gnueabi/6.2.0/collect2] ==> ignore
    arg [-plugin] ==> ignore
    arg [/opt/dey/2.2-r3/sysroots/x86_64-deysdk-linux/usr/libexec/arm-dey-linux-gnueabi/gcc/arm-dey-linux-gnueabi/6.2.0/liblto_plugin.so] ==> ignore
    arg [-plugin-opt=/opt/dey/2.2-r3/sysroots/x86_64-deysdk-linux/usr/libexec/arm-dey-linux-gnueabi/gcc/arm-dey-linux-gnueabi/6.2.0/lto-wrapper] ==> ignore
    arg [-plugin-opt=-fresolution=/tmp/cc5s9cjC.res] ==> ignore
    arg [-plugin-opt=-pass-through=-lgcc_s] ==> ignore
    arg [-plugin-opt=-pass-through=-lgcc] ==> ignore
    arg [-plugin-opt=-pass-through=-lc] ==> ignore
    arg [-plugin-opt=-pass-through=-lgcc_s] ==> ignore
    arg [-plugin-opt=-pass-through=-lgcc] ==> ignore
    arg [--sysroot=/opt/dey/2.2-r3/sysroots/ccimx6ul-kbo] ==> ignore
    arg [--build-id] ==> ignore
    arg [--eh-frame-hdr] ==> ignore
    arg [--hash-style=gnu] ==> ignore
    arg [-export-dynamic] ==> ignore
    arg [-dynamic-linker] ==> ignore
    arg [/lib/ld-linux-armhf.so.3] ==> ignore
    arg [-X] ==> ignore
    arg [-m] ==> ignore
    arg [armelf_linux_eabi] ==> ignore
    arg [-o] ==> ignore
    arg [cmTC_2a1f0] ==> ignore
    arg [/opt/dey/2.2-r3/sysroots/ccimx6ul-kbo/usr/lib/crt1.o] ==> ignore
    arg [/opt/dey/2.2-r3/sysroots/ccimx6ul-kbo/usr/lib/crti.o] ==> ignore
    arg [/opt/dey/2.2-r3/sysroots/ccimx6ul-kbo/usr/lib/arm-dey-linux-gnueabi/6.2.0/crtbegin.o] ==> ignore
    arg [-L/opt/dey/2.2-r3/sysroots/x86_64-deysdk-linux/usr/lib/arm-dey-linux-gnueabi/gcc/arm-dey-linux-gnueabi/6.2.0] ==> dir [/opt/dey/2.2-r3/sysroots/x86_64-deysdk-linux/usr/lib/arm-dey-linux-gnueabi/gcc/arm-dey-linux-gnueabi/6.2.0]
    arg [-L/opt/dey/2.2-r3/sysroots/ccimx6ul-kbo/lib] ==> dir [/opt/dey/2.2-r3/sysroots/ccimx6ul-kbo/lib]
    arg [-L/opt/dey/2.2-r3/sysroots/ccimx6ul-kbo/usr/lib/arm-dey-linux-gnueabi/6.2.0] ==> dir [/opt/dey/2.2-r3/sysroots/ccimx6ul-kbo/usr/lib/arm-dey-linux-gnueabi/6.2.0]
    arg [-L/opt/dey/2.2-r3/sysroots/ccimx6ul-kbo/usr/lib] ==> dir [/opt/dey/2.2-r3/sysroots/ccimx6ul-kbo/usr/lib]
    arg [CMakeFiles/cmTC_2a1f0.dir/CMakeCXXCompilerABI.cpp.o] ==> ignore
    arg [-lstdc++] ==> lib [stdc++]
    arg [-lm] ==> lib [m]
    arg [-lgcc_s] ==> lib [gcc_s]
    arg [-lgcc] ==> lib [gcc]
    arg [-lc] ==> lib [c]
    arg [-lgcc_s] ==> lib [gcc_s]
    arg [-lgcc] ==> lib [gcc]
    arg [/opt/dey/2.2-r3/sysroots/ccimx6ul-kbo/usr/lib/arm-dey-linux-gnueabi/6.2.0/crtend.o] ==> ignore
    arg [/opt/dey/2.2-r3/sysroots/ccimx6ul-kbo/usr/lib/crtn.o] ==> ignore
  remove lib [gcc_s]
  remove lib [gcc]
  remove lib [gcc_s]
  remove lib [gcc]
  collapse library dir [/opt/dey/2.2-r3/sysroots/x86_64-deysdk-linux/usr/lib/arm-dey-linux-gnueabi/gcc/arm-dey-linux-gnueabi/6.2.0] ==> [/opt/dey/2.2-r3/sysroots/x86_64-deysdk-linux/usr/lib/arm-dey-linux-gnueabi/gcc/arm-dey-linux-gnueabi/6.2.0]
  collapse library dir [/opt/dey/2.2-r3/sysroots/ccimx6ul-kbo/lib] ==> [/opt/dey/2.2-r3/sysroots/ccimx6ul-kbo/lib]
  collapse library dir [/opt/dey/2.2-r3/sysroots/ccimx6ul-kbo/usr/lib/arm-dey-linux-gnueabi/6.2.0] ==> [/opt/dey/2.2-r3/sysroots/ccimx6ul-kbo/usr/lib/arm-dey-linux-gnueabi/6.2.0]
  collapse library dir [/opt/dey/2.2-r3/sysroots/ccimx6ul-kbo/usr/lib] ==> [/opt/dey/2.2-r3/sysroots/ccimx6ul-kbo/usr/lib]
  implicit libs: [stdc++;m;c]
  implicit dirs: [/opt/dey/2.2-r3/sysroots/x86_64-deysdk-linux/usr/lib/arm-dey-linux-gnueabi/gcc/arm-dey-linux-gnueabi/6.2.0;/opt/dey/2.2-r3/sysroots/ccimx6ul-kbo/lib;/opt/dey/2.2-r3/sysroots/ccimx6ul-kbo/usr/lib/arm-dey-linux-gnueabi/6.2.0;/opt/dey/2.2-r3/sysroots/ccimx6ul-kbo/usr/lib]
  implicit fwks: []




Detecting CXX [-std=c++14] compiler features compiled with the following output:
Change Dir: /home/khomin/Projects/i2c_poll/Debug/CMakeFiles/CMakeTmp

Run Build Command:"/usr/bin/make" "cmTC_0e7b0/fast"
/usr/bin/make -f CMakeFiles/cmTC_0e7b0.dir/build.make CMakeFiles/cmTC_0e7b0.dir/build
make[1]: Entering directory '/home/khomin/Projects/i2c_poll/Debug/CMakeFiles/CMakeTmp'
Building CXX object CMakeFiles/cmTC_0e7b0.dir/feature_tests.cxx.o
/opt/dey/2.2-r3/sysroots/x86_64-deysdk-linux/usr/bin/arm-dey-linux-gnueabi/arm-dey-linux-gnueabi-g++     --sysroot=/opt/dey/2.2-r3/sysroots/ccimx6ul-kbo  -march=armv7ve -marm -mfpu=neon  -mfloat-abi=hard -mcpu=cortex-a7  -fpermissive    -std=c++14 -o CMakeFiles/cmTC_0e7b0.dir/feature_tests.cxx.o -c /home/khomin/Projects/i2c_poll/Debug/CMakeFiles/feature_tests.cxx
Linking CXX executable cmTC_0e7b0
/usr/bin/cmake -E cmake_link_script CMakeFiles/cmTC_0e7b0.dir/link.txt --verbose=1
/opt/dey/2.2-r3/sysroots/x86_64-deysdk-linux/usr/bin/arm-dey-linux-gnueabi/arm-dey-linux-gnueabi-g++      --sysroot=/opt/dey/2.2-r3/sysroots/ccimx6ul-kbo  -march=armv7ve -marm -mfpu=neon  -mfloat-abi=hard -mcpu=cortex-a7  -fpermissive     --sysroot=/opt/dey/2.2-r3/sysroots/ccimx6ul-kbo  CMakeFiles/cmTC_0e7b0.dir/feature_tests.cxx.o  -o cmTC_0e7b0 -rdynamic 
make[1]: Leaving directory '/home/khomin/Projects/i2c_poll/Debug/CMakeFiles/CMakeTmp'


    Feature record: CXX_FEATURE:1cxx_aggregate_default_initializers
    Feature record: CXX_FEATURE:1cxx_alias_templates
    Feature record: CXX_FEATURE:1cxx_alignas
    Feature record: CXX_FEATURE:1cxx_alignof
    Feature record: CXX_FEATURE:1cxx_attributes
    Feature record: CXX_FEATURE:1cxx_attribute_deprecated
    Feature record: CXX_FEATURE:1cxx_auto_type
    Feature record: CXX_FEATURE:1cxx_binary_literals
    Feature record: CXX_FEATURE:1cxx_constexpr
    Feature record: CXX_FEATURE:1cxx_contextual_conversions
    Feature record: CXX_FEATURE:1cxx_decltype
    Feature record: CXX_FEATURE:1cxx_decltype_auto
    Feature record: CXX_FEATURE:1cxx_decltype_incomplete_return_types
    Feature record: CXX_FEATURE:1cxx_default_function_template_args
    Feature record: CXX_FEATURE:1cxx_defaulted_functions
    Feature record: CXX_FEATURE:1cxx_defaulted_move_initializers
    Feature record: CXX_FEATURE:1cxx_delegating_constructors
    Feature record: CXX_FEATURE:1cxx_deleted_functions
    Feature record: CXX_FEATURE:1cxx_digit_separators
    Feature record: CXX_FEATURE:1cxx_enum_forward_declarations
    Feature record: CXX_FEATURE:1cxx_explicit_conversions
    Feature record: CXX_FEATURE:1cxx_extended_friend_declarations
    Feature record: CXX_FEATURE:1cxx_extern_templates
    Feature record: CXX_FEATURE:1cxx_final
    Feature record: CXX_FEATURE:1cxx_func_identifier
    Feature record: CXX_FEATURE:1cxx_generalized_initializers
    Feature record: CXX_FEATURE:1cxx_generic_lambdas
    Feature record: CXX_FEATURE:1cxx_inheriting_constructors
    Feature record: CXX_FEATURE:1cxx_inline_namespaces
    Feature record: CXX_FEATURE:1cxx_lambdas
    Feature record: CXX_FEATURE:1cxx_lambda_init_captures
    Feature record: CXX_FEATURE:1cxx_local_type_template_args
    Feature record: CXX_FEATURE:1cxx_long_long_type
    Feature record: CXX_FEATURE:1cxx_noexcept
    Feature record: CXX_FEATURE:1cxx_nonstatic_member_init
    Feature record: CXX_FEATURE:1cxx_nullptr
    Feature record: CXX_FEATURE:1cxx_override
    Feature record: CXX_FEATURE:1cxx_range_for
    Feature record: CXX_FEATURE:1cxx_raw_string_literals
    Feature record: CXX_FEATURE:1cxx_reference_qualified_functions
    Feature record: CXX_FEATURE:1cxx_relaxed_constexpr
    Feature record: CXX_FEATURE:1cxx_return_type_deduction
    Feature record: CXX_FEATURE:1cxx_right_angle_brackets
    Feature record: CXX_FEATURE:1cxx_rvalue_references
    Feature record: CXX_FEATURE:1cxx_sizeof_member
    Feature record: CXX_FEATURE:1cxx_static_assert
    Feature record: CXX_FEATURE:1cxx_strong_enums
    Feature record: CXX_FEATURE:1cxx_template_template_parameters
    Feature record: CXX_FEATURE:1cxx_thread_local
    Feature record: CXX_FEATURE:1cxx_trailing_return_types
    Feature record: CXX_FEATURE:1cxx_unicode_literals
    Feature record: CXX_FEATURE:1cxx_uniform_initialization
    Feature record: CXX_FEATURE:1cxx_unrestricted_unions
    Feature record: CXX_FEATURE:1cxx_user_literals
    Feature record: CXX_FEATURE:1cxx_variable_templates
    Feature record: CXX_FEATURE:1cxx_variadic_macros
    Feature record: CXX_FEATURE:1cxx_variadic_templates


Detecting CXX [-std=c++11] compiler features compiled with the following output:
Change Dir: /home/khomin/Projects/i2c_poll/Debug/CMakeFiles/CMakeTmp

Run Build Command:"/usr/bin/make" "cmTC_d5b26/fast"
/usr/bin/make -f CMakeFiles/cmTC_d5b26.dir/build.make CMakeFiles/cmTC_d5b26.dir/build
make[1]: Entering directory '/home/khomin/Projects/i2c_poll/Debug/CMakeFiles/CMakeTmp'
Building CXX object CMakeFiles/cmTC_d5b26.dir/feature_tests.cxx.o
/opt/dey/2.2-r3/sysroots/x86_64-deysdk-linux/usr/bin/arm-dey-linux-gnueabi/arm-dey-linux-gnueabi-g++     --sysroot=/opt/dey/2.2-r3/sysroots/ccimx6ul-kbo  -march=armv7ve -marm -mfpu=neon  -mfloat-abi=hard -mcpu=cortex-a7  -fpermissive    -std=c++11 -o CMakeFiles/cmTC_d5b26.dir/feature_tests.cxx.o -c /home/khomin/Projects/i2c_poll/Debug/CMakeFiles/feature_tests.cxx
Linking CXX executable cmTC_d5b26
/usr/bin/cmake -E cmake_link_script CMakeFiles/cmTC_d5b26.dir/link.txt --verbose=1
/opt/dey/2.2-r3/sysroots/x86_64-deysdk-linux/usr/bin/arm-dey-linux-gnueabi/arm-dey-linux-gnueabi-g++      --sysroot=/opt/dey/2.2-r3/sysroots/ccimx6ul-kbo  -march=armv7ve -marm -mfpu=neon  -mfloat-abi=hard -mcpu=cortex-a7  -fpermissive     --sysroot=/opt/dey/2.2-r3/sysroots/ccimx6ul-kbo  CMakeFiles/cmTC_d5b26.dir/feature_tests.cxx.o  -o cmTC_d5b26 -rdynamic 
make[1]: Leaving directory '/home/khomin/Projects/i2c_poll/Debug/CMakeFiles/CMakeTmp'


    Feature record: CXX_FEATURE:0cxx_aggregate_default_initializers
    Feature record: CXX_FEATURE:1cxx_alias_templates
    Feature record: CXX_FEATURE:1cxx_alignas
    Feature record: CXX_FEATURE:1cxx_alignof
    Feature record: CXX_FEATURE:1cxx_attributes
    Feature record: CXX_FEATURE:0cxx_attribute_deprecated
    Feature record: CXX_FEATURE:1cxx_auto_type
    Feature record: CXX_FEATURE:0cxx_binary_literals
    Feature record: CXX_FEATURE:1cxx_constexpr
    Feature record: CXX_FEATURE:0cxx_contextual_conversions
    Feature record: CXX_FEATURE:1cxx_decltype
    Feature record: CXX_FEATURE:0cxx_decltype_auto
    Feature record: CXX_FEATURE:1cxx_decltype_incomplete_return_types
    Feature record: CXX_FEATURE:1cxx_default_function_template_args
    Feature record: CXX_FEATURE:1cxx_defaulted_functions
    Feature record: CXX_FEATURE:1cxx_defaulted_move_initializers
    Feature record: CXX_FEATURE:1cxx_delegating_constructors
    Feature record: CXX_FEATURE:1cxx_deleted_functions
    Feature record: CXX_FEATURE:0cxx_digit_separators
    Feature record: CXX_FEATURE:1cxx_enum_forward_declarations
    Feature record: CXX_FEATURE:1cxx_explicit_conversions
    Feature record: CXX_FEATURE:1cxx_extended_friend_declarations
    Feature record: CXX_FEATURE:1cxx_extern_templates
    Feature record: CXX_FEATURE:1cxx_final
    Feature record: CXX_FEATURE:1cxx_func_identifier
    Feature record: CXX_FEATURE:1cxx_generalized_initializers
    Feature record: CXX_FEATURE:0cxx_generic_lambdas
    Feature record: CXX_FEATURE:1cxx_inheriting_constructors
    Feature record: CXX_FEATURE:1cxx_inline_namespaces
    Feature record: CXX_FEATURE:1cxx_lambdas
    Feature record: CXX_FEATURE:0cxx_lambda_init_captures
    Feature record: CXX_FEATURE:1cxx_local_type_template_args
    Feature record: CXX_FEATURE:1cxx_long_long_type
    Feature record: CXX_FEATURE:1cxx_noexcept
    Feature record: CXX_FEATURE:1cxx_nonstatic_member_init
    Feature record: CXX_FEATURE:1cxx_nullptr
    Feature record: CXX_FEATURE:1cxx_override
    Feature record: CXX_FEATURE:1cxx_range_for
    Feature record: CXX_FEATURE:1cxx_raw_string_literals
    Feature record: CXX_FEATURE:1cxx_reference_qualified_functions
    Feature record: CXX_FEATURE:0cxx_relaxed_constexpr
    Feature record: CXX_FEATURE:0cxx_return_type_deduction
    Feature record: CXX_FEATURE:1cxx_right_angle_brackets
    Feature record: CXX_FEATURE:1cxx_rvalue_references
    Feature record: CXX_FEATURE:1cxx_sizeof_member
    Feature record: CXX_FEATURE:1cxx_static_assert
    Feature record: CXX_FEATURE:1cxx_strong_enums
    Feature record: CXX_FEATURE:1cxx_template_template_parameters
    Feature record: CXX_FEATURE:1cxx_thread_local
    Feature record: CXX_FEATURE:1cxx_trailing_return_types
    Feature record: CXX_FEATURE:1cxx_unicode_literals
    Feature record: CXX_FEATURE:1cxx_uniform_initialization
    Feature record: CXX_FEATURE:1cxx_unrestricted_unions
    Feature record: CXX_FEATURE:1cxx_user_literals
    Feature record: CXX_FEATURE:0cxx_variable_templates
    Feature record: CXX_FEATURE:1cxx_variadic_macros
    Feature record: CXX_FEATURE:1cxx_variadic_templates


Detecting CXX [-std=c++98] compiler features compiled with the following output:
Change Dir: /home/khomin/Projects/i2c_poll/Debug/CMakeFiles/CMakeTmp

Run Build Command:"/usr/bin/make" "cmTC_4c160/fast"
/usr/bin/make -f CMakeFiles/cmTC_4c160.dir/build.make CMakeFiles/cmTC_4c160.dir/build
make[1]: Entering directory '/home/khomin/Projects/i2c_poll/Debug/CMakeFiles/CMakeTmp'
Building CXX object CMakeFiles/cmTC_4c160.dir/feature_tests.cxx.o
/opt/dey/2.2-r3/sysroots/x86_64-deysdk-linux/usr/bin/arm-dey-linux-gnueabi/arm-dey-linux-gnueabi-g++     --sysroot=/opt/dey/2.2-r3/sysroots/ccimx6ul-kbo  -march=armv7ve -marm -mfpu=neon  -mfloat-abi=hard -mcpu=cortex-a7  -fpermissive    -std=c++98 -o CMakeFiles/cmTC_4c160.dir/feature_tests.cxx.o -c /home/khomin/Projects/i2c_poll/Debug/CMakeFiles/feature_tests.cxx
Linking CXX executable cmTC_4c160
/usr/bin/cmake -E cmake_link_script CMakeFiles/cmTC_4c160.dir/link.txt --verbose=1
/opt/dey/2.2-r3/sysroots/x86_64-deysdk-linux/usr/bin/arm-dey-linux-gnueabi/arm-dey-linux-gnueabi-g++      --sysroot=/opt/dey/2.2-r3/sysroots/ccimx6ul-kbo  -march=armv7ve -marm -mfpu=neon  -mfloat-abi=hard -mcpu=cortex-a7  -fpermissive     --sysroot=/opt/dey/2.2-r3/sysroots/ccimx6ul-kbo  CMakeFiles/cmTC_4c160.dir/feature_tests.cxx.o  -o cmTC_4c160 -rdynamic 
make[1]: Leaving directory '/home/khomin/Projects/i2c_poll/Debug/CMakeFiles/CMakeTmp'


    Feature record: CXX_FEATURE:0cxx_aggregate_default_initializers
    Feature record: CXX_FEATURE:0cxx_alias_templates
    Feature record: CXX_FEATURE:0cxx_alignas
    Feature record: CXX_FEATURE:0cxx_alignof
    Feature record: CXX_FEATURE:0cxx_attributes
    Feature record: CXX_FEATURE:0cxx_attribute_deprecated
    Feature record: CXX_FEATURE:0cxx_auto_type
    Feature record: CXX_FEATURE:0cxx_binary_literals
    Feature record: CXX_FEATURE:0cxx_constexpr
    Feature record: CXX_FEATURE:0cxx_contextual_conversions
    Feature record: CXX_FEATURE:0cxx_decltype
    Feature record: CXX_FEATURE:0cxx_decltype_auto
    Feature record: CXX_FEATURE:0cxx_decltype_incomplete_return_types
    Feature record: CXX_FEATURE:0cxx_default_function_template_args
    Feature record: CXX_FEATURE:0cxx_defaulted_functions
    Feature record: CXX_FEATURE:0cxx_defaulted_move_initializers
    Feature record: CXX_FEATURE:0cxx_delegating_constructors
    Feature record: CXX_FEATURE:0cxx_deleted_functions
    Feature record: CXX_FEATURE:0cxx_digit_separators
    Feature record: CXX_FEATURE:0cxx_enum_forward_declarations
    Feature record: CXX_FEATURE:0cxx_explicit_conversions
    Feature record: CXX_FEATURE:0cxx_extended_friend_declarations
    Feature record: CXX_FEATURE:0cxx_extern_templates
    Feature record: CXX_FEATURE:0cxx_final
    Feature record: CXX_FEATURE:0cxx_func_identifier
    Feature record: CXX_FEATURE:0cxx_generalized_initializers
    Feature record: CXX_FEATURE:0cxx_generic_lambdas
    Feature record: CXX_FEATURE:0cxx_inheriting_constructors
    Feature record: CXX_FEATURE:0cxx_inline_namespaces
    Feature record: CXX_FEATURE:0cxx_lambdas
    Feature record: CXX_FEATURE:0cxx_lambda_init_captures
    Feature record: CXX_FEATURE:0cxx_local_type_template_args
    Feature record: CXX_FEATURE:0cxx_long_long_type
    Feature record: CXX_FEATURE:0cxx_noexcept
    Feature record: CXX_FEATURE:0cxx_nonstatic_member_init
    Feature record: CXX_FEATURE:0cxx_nullptr
    Feature record: CXX_FEATURE:0cxx_override
    Feature record: CXX_FEATURE:0cxx_range_for
    Feature record: CXX_FEATURE:0cxx_raw_string_literals
    Feature record: CXX_FEATURE:0cxx_reference_qualified_functions
    Feature record: CXX_FEATURE:0cxx_relaxed_constexpr
    Feature record: CXX_FEATURE:0cxx_return_type_deduction
    Feature record: CXX_FEATURE:0cxx_right_angle_brackets
    Feature record: CXX_FEATURE:0cxx_rvalue_references
    Feature record: CXX_FEATURE:0cxx_sizeof_member
    Feature record: CXX_FEATURE:0cxx_static_assert
    Feature record: CXX_FEATURE:0cxx_strong_enums
    Feature record: CXX_FEATURE:1cxx_template_template_parameters
    Feature record: CXX_FEATURE:0cxx_thread_local
    Feature record: CXX_FEATURE:0cxx_trailing_return_types
    Feature record: CXX_FEATURE:0cxx_unicode_literals
    Feature record: CXX_FEATURE:0cxx_uniform_initialization
    Feature record: CXX_FEATURE:0cxx_unrestricted_unions
    Feature record: CXX_FEATURE:0cxx_user_literals
    Feature record: CXX_FEATURE:0cxx_variable_templates
    Feature record: CXX_FEATURE:0cxx_variadic_macros
    Feature record: CXX_FEATURE:0cxx_variadic_templates
